app/build/intermediates/manifest_merge_blame_file/debug/manifest-merger-blame-debug-report.txt
1<?xml version="1.0" encoding="utf-8"?>
2<manifest xmlns:android="http://schemas.android.com/apk/res/android"
3    package="com.infostackresearch.homefit"
4    android:versionCode="1"
5    android:versionName="1.0" >
6
7    <uses-sdk
8        android:minSdkVersion="23"
8-->src/main/AndroidManifest.xml
9        android:targetSdkVersion="30" />
9-->src/main/AndroidManifest.xml
10
11    <uses-permission android:name="android.permission.INTERNET" />
11-->src/main/AndroidManifest.xml:6:5-67
11-->src/main/AndroidManifest.xml:6:22-64
12    <uses-permission android:name="android.permission.ACCESS_NETWORK_STATE" />
12-->src/main/AndroidManifest.xml:7:5-79
12-->src/main/AndroidManifest.xml:7:22-76
13    <uses-permission android:name="android.permission.ACCESS_WIFI_STATE" /> <!-- Require below permissions for reading sms and otp assist feature -->
13-->[com.payumoney.core:payumoney-sdk:7.6.0] AndroidManifest.xml:13:5-76
13-->[com.payumoney.core:payumoney-sdk:7.6.0] AndroidManifest.xml:13:22-73
14    <!--
15    <uses-permission android:name="android.permission.READ_SMS" />
16    <uses-permission android:name="android.permission.READ_PHONE_STATE" />
17    -->
18    <uses-feature
18-->[com.payumoney.core:payumoney-sdk:7.6.0] AndroidManifest.xml:24:5-26:36
19        android:name="android.hardware.telephony"
19-->[com.payumoney.core:payumoney-sdk:7.6.0] AndroidManifest.xml:25:9-50
20        android:required="false" />
20-->[com.payumoney.core:payumoney-sdk:7.6.0] AndroidManifest.xml:26:9-33
21
22    <application
22-->src/main/AndroidManifest.xml:9:5-57:19
23        android:allowBackup="true"
23-->src/main/AndroidManifest.xml:10:9-35
24        android:appComponentFactory="androidx.core.app.CoreComponentFactory"
24-->[androidx.core:core:1.3.1] AndroidManifest.xml:24:18-86
25        android:debuggable="true"
26        android:extractNativeLibs="false"
27        android:icon="@mipmap/ic_launcher"
27-->src/main/AndroidManifest.xml:11:9-43
28        android:label="@string/app_name"
28-->src/main/AndroidManifest.xml:12:9-41
29        android:requestLegacyExternalStorage="true"
29-->src/main/AndroidManifest.xml:13:9-52
30        android:roundIcon="@mipmap/ic_launcher_round"
30-->src/main/AndroidManifest.xml:14:9-54
31        android:supportsRtl="true"
31-->src/main/AndroidManifest.xml:15:9-35
32        android:testOnly="true"
33        android:theme="@style/AppTheme"
33-->src/main/AndroidManifest.xml:16:9-40
34        android:usesCleartextTraffic="true"
34-->src/main/AndroidManifest.xml:17:9-44
35        android:windowSoftInputMode="adjustPan" >
35-->[com.payumoney.core:payumoney-sdk:7.6.0] AndroidManifest.xml:30:9-48
36        <activity android:name="com.infostackresearch.homefit.ui.PaymentActivity" />
36-->src/main/AndroidManifest.xml:19:9-65
36-->src/main/AndroidManifest.xml:19:19-53
37        <activity
37-->src/main/AndroidManifest.xml:20:9-23:59
38            android:name="com.infostackresearch.homefit.ui.MySubscriptionActivity"
38-->src/main/AndroidManifest.xml:21:13-54
39            android:parentActivityName="com.infostackresearch.homefit.ui.MainActivity"
39-->src/main/AndroidManifest.xml:22:13-58
40            android:theme="@style/AppTheme.NoActionBar" />
40-->src/main/AndroidManifest.xml:23:13-56
41        <activity
41-->src/main/AndroidManifest.xml:24:9-27:52
42            android:name="com.infostackresearch.homefit.ui.EditProfileActivity"
42-->src/main/AndroidManifest.xml:25:13-51
43            android:parentActivityName="com.infostackresearch.homefit.ui.MainActivity"
43-->src/main/AndroidManifest.xml:26:13-58
44            android:theme="@style/MaterialTheme" />
44-->src/main/AndroidManifest.xml:27:13-49
45        <activity
45-->src/main/AndroidManifest.xml:28:9-30:52
46            android:name="com.infostackresearch.homefit.ui.SignupActivity"
46-->src/main/AndroidManifest.xml:29:13-46
47            android:theme="@style/MaterialTheme" />
47-->src/main/AndroidManifest.xml:30:13-49
48        <activity
48-->src/main/AndroidManifest.xml:31:9-34:59
49            android:name="com.infostackresearch.homefit.ui.PlanActivity"
49-->src/main/AndroidManifest.xml:32:13-44
50            android:parentActivityName="com.infostackresearch.homefit.ui.MainActivity"
50-->src/main/AndroidManifest.xml:33:13-58
51            android:theme="@style/AppTheme.NoActionBar" />
51-->src/main/AndroidManifest.xml:34:13-56
52        <activity
52-->src/main/AndroidManifest.xml:35:9-37:52
53            android:name="com.infostackresearch.homefit.ui.LoginActivity"
53-->src/main/AndroidManifest.xml:36:13-45
54            android:theme="@style/MaterialTheme" />
54-->src/main/AndroidManifest.xml:37:13-49
55        <activity
55-->src/main/AndroidManifest.xml:38:9-41:59
56            android:name="com.infostackresearch.homefit.ui.NavigationActivity"
56-->src/main/AndroidManifest.xml:39:13-50
57            android:label="@string/title_activity_navigation"
57-->src/main/AndroidManifest.xml:40:13-62
58            android:theme="@style/AppTheme.NoActionBar" />
58-->src/main/AndroidManifest.xml:41:13-56
59        <activity
59-->src/main/AndroidManifest.xml:42:9-45:59
60            android:name="com.infostackresearch.homefit.ui.EquipmentsActivity"
60-->src/main/AndroidManifest.xml:43:13-50
61            android:parentActivityName="com.infostackresearch.homefit.ui.MainActivity"
61-->src/main/AndroidManifest.xml:44:13-58
62            android:theme="@style/AppTheme.NoActionBar" />
62-->src/main/AndroidManifest.xml:45:13-56
63        <activity
63-->src/main/AndroidManifest.xml:46:9-49:59
64            android:name="com.infostackresearch.homefit.ui.MainActivity"
64-->src/main/AndroidManifest.xml:47:13-44
65            android:label="@string/app_name"
65-->src/main/AndroidManifest.xml:48:13-45
66            android:theme="@style/AppTheme.NoActionBar" />
66-->src/main/AndroidManifest.xml:49:13-56
67        <activity android:name="com.infostackresearch.homefit.ui.SplashActivity" >
67-->src/main/AndroidManifest.xml:50:9-56:20
67-->src/main/AndroidManifest.xml:50:19-52
68            <intent-filter>
68-->src/main/AndroidManifest.xml:51:13-55:29
69                <action android:name="android.intent.action.MAIN" />
69-->src/main/AndroidManifest.xml:52:17-69
69-->src/main/AndroidManifest.xml:52:25-66
70
71                <category android:name="android.intent.category.LAUNCHER" />
71-->src/main/AndroidManifest.xml:54:17-77
71-->src/main/AndroidManifest.xml:54:27-74
72            </intent-filter>
73        </activity>
74        <activity
74-->[com.payumoney.sdkui:plug-n-play:1.6.0] AndroidManifest.xml:19:9-24:55
75            android:name="com.payumoney.sdkui.ui.activities.PayUmoneyActivity"
75-->[com.payumoney.sdkui:plug-n-play:1.6.0] AndroidManifest.xml:20:13-79
76            android:label="@string/title_activity_citrus"
76-->[com.payumoney.sdkui:plug-n-play:1.6.0] AndroidManifest.xml:21:13-58
77            android:screenOrientation="portrait"
77-->[com.payumoney.sdkui:plug-n-play:1.6.0] AndroidManifest.xml:22:13-49
78            android:theme="@style/PayumoneyAppTheme"
78-->[com.payumoney.sdkui:plug-n-play:1.6.0] AndroidManifest.xml:23:13-53
79            android:windowSoftInputMode="adjustPan" />
79-->[com.payumoney.sdkui:plug-n-play:1.6.0] AndroidManifest.xml:24:13-52
80        <activity
80-->[com.payumoney.sdkui:plug-n-play:1.6.0] AndroidManifest.xml:25:9-28:56
81            android:name="com.payumoney.sdkui.ui.activities.ReviewOrderActivity"
81-->[com.payumoney.sdkui:plug-n-play:1.6.0] AndroidManifest.xml:26:13-81
82            android:screenOrientation="portrait"
82-->[com.payumoney.sdkui:plug-n-play:1.6.0] AndroidManifest.xml:27:13-49
83            android:theme="@style/PayumoneyAppTheme" />
83-->[com.payumoney.sdkui:plug-n-play:1.6.0] AndroidManifest.xml:28:13-53
84        <activity
84-->[com.payumoney.core:payumoney-sdk:7.6.0] AndroidManifest.xml:31:9-34:72
85            android:name="com.payumoney.core.SdkWebViewActivityNew"
85-->[com.payumoney.core:payumoney-sdk:7.6.0] AndroidManifest.xml:32:13-68
86            android:screenOrientation="portrait"
86-->[com.payumoney.core:payumoney-sdk:7.6.0] AndroidManifest.xml:33:13-49
87            android:theme="@style/Theme.AppCompat.Light.NoActionBar" />
87-->[com.payumoney.core:payumoney-sdk:7.6.0] AndroidManifest.xml:34:13-69
88        <activity
88-->[com.payumoney.core:payumoney-sdk:7.6.0] AndroidManifest.xml:35:9-40:59
89            android:name="com.payu.custombrowser.CBActivity"
89-->[com.payumoney.core:payumoney-sdk:7.6.0] AndroidManifest.xml:36:13-61
90            android:screenOrientation="portrait"
90-->[com.payumoney.core:payumoney-sdk:7.6.0] AndroidManifest.xml:37:13-49
91            android:theme="@style/Theme.AppCompat"
91-->[com.payumoney.core:payumoney-sdk:7.6.0] AndroidManifest.xml:38:13-51
92            android:windowSoftInputMode="stateAlwaysHidden" />
92-->[com.payumoney.core:payumoney-sdk:7.6.0] AndroidManifest.xml:39:13-60
93
94        <service android:name="com.payu.custombrowser.services.SnoozeService" />
94-->[com.payu.custombrowser:payu-custom-browser:7.5.1] AndroidManifest.xml:23:9-81
94-->[com.payu.custombrowser:payu-custom-browser:7.5.1] AndroidManifest.xml:23:18-78
95
96        <activity android:name="com.payu.custombrowser.PreLollipopPaymentsActivity" >
96-->[com.payu.custombrowser:payu-custom-browser:7.5.1] AndroidManifest.xml:25:9-42:20
96-->[com.payu.custombrowser:payu-custom-browser:7.5.1] AndroidManifest.xml:25:19-84
97            <intent-filter>
97-->[com.payu.custombrowser:payu-custom-browser:7.5.1] AndroidManifest.xml:26:13-33:29
98                <data android:scheme="com.infostackresearch.homefit.success" />
98-->[com.payu.custombrowser:payu-custom-browser:7.5.1] AndroidManifest.xml:27:17-67
98-->[com.payu.custombrowser:payu-custom-browser:7.5.1] AndroidManifest.xml:27:23-64
99
100                <action android:name="android.intent.action.VIEW" />
100-->[com.payu.custombrowser:payu-custom-browser:7.5.1] AndroidManifest.xml:29:17-69
100-->[com.payu.custombrowser:payu-custom-browser:7.5.1] AndroidManifest.xml:29:25-66
101
102                <category android:name="android.intent.category.DEFAULT" />
102-->[com.payu.custombrowser:payu-custom-browser:7.5.1] AndroidManifest.xml:31:17-76
102-->[com.payu.custombrowser:payu-custom-browser:7.5.1] AndroidManifest.xml:31:27-73
103                <category android:name="android.intent.category.BROWSABLE" />
103-->[com.payu.custombrowser:payu-custom-browser:7.5.1] AndroidManifest.xml:32:17-78
103-->[com.payu.custombrowser:payu-custom-browser:7.5.1] AndroidManifest.xml:32:27-75
104            </intent-filter>
105            <intent-filter>
105-->[com.payu.custombrowser:payu-custom-browser:7.5.1] AndroidManifest.xml:34:13-41:29
106                <data android:scheme="com.infostackresearch.homefit.failure" />
106-->[com.payu.custombrowser:payu-custom-browser:7.5.1] AndroidManifest.xml:27:17-67
106-->[com.payu.custombrowser:payu-custom-browser:7.5.1] AndroidManifest.xml:27:23-64
107
108                <action android:name="android.intent.action.VIEW" />
108-->[com.payu.custombrowser:payu-custom-browser:7.5.1] AndroidManifest.xml:29:17-69
108-->[com.payu.custombrowser:payu-custom-browser:7.5.1] AndroidManifest.xml:29:25-66
109
110                <category android:name="android.intent.category.DEFAULT" />
110-->[com.payu.custombrowser:payu-custom-browser:7.5.1] AndroidManifest.xml:31:17-76
110-->[com.payu.custombrowser:payu-custom-browser:7.5.1] AndroidManifest.xml:31:27-73
111                <category android:name="android.intent.category.BROWSABLE" />
111-->[com.payu.custombrowser:payu-custom-browser:7.5.1] AndroidManifest.xml:32:17-78
111-->[com.payu.custombrowser:payu-custom-browser:7.5.1] AndroidManifest.xml:32:27-75
112            </intent-filter>
113        </activity>
114        <activity android:name="com.payu.custombrowser.PrePaymentsActivity" />
114-->[com.payu.custombrowser:payu-custom-browser:7.5.1] AndroidManifest.xml:43:9-79
114-->[com.payu.custombrowser:payu-custom-browser:7.5.1] AndroidManifest.xml:43:19-76
115        <activity
115-->[com.payu.upisdk:upisdk:1.0.2] AndroidManifest.xml:14:9-17:63
116            android:name="com.payu.upisdk.upiintent.PaymentResponseUpiSdkActivity"
116-->[com.payu.upisdk:upisdk:1.0.2] AndroidManifest.xml:15:13-83
117            android:theme="@style/Theme.AppCompat.Transparent.NoActionBar"
117-->[com.payu.upisdk:upisdk:1.0.2] AndroidManifest.xml:16:13-75
118            android:windowSoftInputMode="stateAlwaysHidden" />
118-->[com.payu.upisdk:upisdk:1.0.2] AndroidManifest.xml:17:13-60
119        <activity
119-->[com.google.android.gms:play-services-base:16.0.1] AndroidManifest.xml:23:9-26:75
120            android:name="com.google.android.gms.common.api.GoogleApiActivity"
120-->[com.google.android.gms:play-services-base:16.0.1] AndroidManifest.xml:24:13-79
121            android:exported="false"
121-->[com.google.android.gms:play-services-base:16.0.1] AndroidManifest.xml:25:13-37
122            android:theme="@android:style/Theme.Translucent.NoTitleBar" />
122-->[com.google.android.gms:play-services-base:16.0.1] AndroidManifest.xml:26:13-72
123
124        <meta-data
124-->[com.google.android.gms:play-services-basement:16.0.1] AndroidManifest.xml:23:9-25:69
125            android:name="com.google.android.gms.version"
125-->[com.google.android.gms:play-services-basement:16.0.1] AndroidManifest.xml:24:13-58
126            android:value="@integer/google_play_services_version" />
126-->[com.google.android.gms:play-services-basement:16.0.1] AndroidManifest.xml:25:13-66
127
128        <provider
128-->[androidx.lifecycle:lifecycle-process:2.2.0] AndroidManifest.xml:25:9-29:43
129            android:name="androidx.lifecycle.ProcessLifecycleOwnerInitializer"
129-->[androidx.lifecycle:lifecycle-process:2.2.0] AndroidManifest.xml:26:13-79
130            android:authorities="com.infostackresearch.homefit.lifecycle-process"
130-->[androidx.lifecycle:lifecycle-process:2.2.0] AndroidManifest.xml:27:13-69
131            android:exported="false"
131-->[androidx.lifecycle:lifecycle-process:2.2.0] AndroidManifest.xml:28:13-37
132            android:multiprocess="true" />
132-->[androidx.lifecycle:lifecycle-process:2.2.0] AndroidManifest.xml:29:13-40
133    </application>
134
135</manifest>